<?xml version="1.0" encoding="UTF-8"?>
<!-- Generated by org.testng.reporters.JUnitXMLReporter -->
<testsuite ignored="0" hostname="Bose_ThinkPad" failures="0" tests="10" name="Default test" time="68.349" errors="0" timestamp="2024-08-28T15:48:48 PDT">
  <testcase classname="com.demoblazestore.test.Home_TestPage" name="testHomeclick" time="3.128"/>
  <testcase classname="com.demoblazestore.test.Home_TestPage" name="testContactclick" time="3.128"/>
  <testcase classname="com.demoblazestore.test.Home_TestPage" name="testAboutusclick" time="3.694"/>
  <testcase classname="com.demoblazestore.test.Home_TestPage" name="testCartclick" time="3.128"/>
  <testcase classname="com.demoblazestore.test.Home_TestPage" name="testLoginclick" time="3.048"/>
  <testcase classname="com.demoblazestore.test.Home_TestPage" name="testSignupclick" time="3.124"/>
  <testcase classname="com.demoblazestore.test.Home_TestPage" name="testphonesTabclick" time="3.046"/>
  <testcase classname="com.demoblazestore.test.Home_TestPage" name="testlaptopsTabclick" time="3.113"/>
  <testcase classname="com.demoblazestore.test.Home_TestPage" name="testmonitorsTabclick" time="3.041"/>
  <testcase classname="com.demoblazestore.test.Home_TestPage" name="testHomeLink" time="3.171"/>
</testsuite> <!-- Default test -->
