<?xml version="1.0" encoding="UTF-8"?>
<!-- Generated by org.testng.reporters.JUnitXMLReporter -->
<testsuite ignored="0" hostname="Bose_ThinkPad" failures="0" tests="10" name="Default test" time="69.896" errors="0" timestamp="2024-08-23T09:47:07 PDT">
  <testcase classname="com.demoblazestore.test.Home_TestPage" name="testHomeclick" time="3.069"/>
  <testcase classname="com.demoblazestore.test.Home_TestPage" name="testContactclick" time="3.068"/>
  <testcase classname="com.demoblazestore.test.Home_TestPage" name="testAboutusclick" time="3.857"/>
  <testcase classname="com.demoblazestore.test.Home_TestPage" name="testCartclick" time="3.081"/>
  <testcase classname="com.demoblazestore.test.Home_TestPage" name="testLoginclick" time="3.055"/>
  <testcase classname="com.demoblazestore.test.Home_TestPage" name="testSignupclick" time="3.077"/>
  <testcase classname="com.demoblazestore.test.Home_TestPage" name="testphonesTabclick" time="3.084"/>
  <testcase classname="com.demoblazestore.test.Home_TestPage" name="testlaptopsTabclick" time="3.067"/>
  <testcase classname="com.demoblazestore.test.Home_TestPage" name="testmonitorsTabclick" time="3.052"/>
  <testcase classname="com.demoblazestore.test.Home_TestPage" name="testHomeLink" time="3.162"/>
</testsuite> <!-- Default test -->
