<?xml version="1.0" encoding="UTF-8"?>
<testng-results ignored="0" total="1" passed="1" failed="0" skipped="0">
  <reporter-output>
  </reporter-output>
  <suite started-at="2024-08-30T15:57:03 CDT" name="Default suite" finished-at="2024-08-30T15:57:07 CDT" duration-ms="3987">
    <groups>
    </groups>
    <test started-at="2024-08-30T15:57:03 CDT" name="Default test" finished-at="2024-08-30T15:57:07 CDT" duration-ms="3987">
      <class name="com.demoblazestore.test.Login_TestPage">
        <test-method is-config="true" signature="setUpReport()[pri:0, instance:com.demoblazestore.test.Login_TestPage@19932c16]" started-at="2024-08-30T15:57:03 CDT" name="setUpReport" finished-at="2024-08-30T15:57:03 CDT" duration-ms="138" status="PASS">
          <reporter-output>
          </reporter-output>
        </test-method> <!-- setUpReport -->
        <test-method is-config="true" signature="setUp()[pri:0, instance:com.demoblazestore.test.Login_TestPage@19932c16]" started-at="2024-08-30T15:57:03 CDT" name="setUp" finished-at="2024-08-30T15:57:07 CDT" duration-ms="3550" status="PASS">
          <reporter-output>
          </reporter-output>
        </test-method> <!-- setUp -->
        <test-method signature="testLoginclick()[pri:1, instance:com.demoblazestore.test.Login_TestPage@19932c16]" started-at="2024-08-30T15:57:07 CDT" name="testLoginclick" finished-at="2024-08-30T15:57:07 CDT" duration-ms="155" status="PASS">
          <reporter-output>
          </reporter-output>
        </test-method> <!-- testLoginclick -->
        <test-method is-config="true" signature="tearDown(org.testng.ITestResult)[pri:0, instance:com.demoblazestore.test.Login_TestPage@19932c16]" started-at="2024-08-30T15:57:07 CDT" name="tearDown" finished-at="2024-08-30T15:57:07 CDT" duration-ms="249" status="PASS">
          <params>
            <param index="0">
              <value>
                <![CDATA[[TestResult name=testLoginclick status=SUCCESS method=Login_TestPage.testLoginclick()[pri:1, instance:com.demoblazestore.test.Login_TestPage@19932c16] output={null}]]]>
              </value>
            </param>
          </params>
          <reporter-output>
          </reporter-output>
        </test-method> <!-- tearDown -->
      </class> <!-- com.demoblazestore.test.Login_TestPage -->
    </test> <!-- Default test -->
  </suite> <!-- Default suite -->
</testng-results>
