<?xml version="1.0" encoding="UTF-8"?>
<testng-results ignored="0" total="3" passed="3" failed="0" skipped="0">
  <reporter-output>
  </reporter-output>
  <suite started-at="2024-08-14T15:53:39 PDT" name="Default suite" finished-at="2024-08-14T15:54:46 PDT" duration-ms="67348">
    <groups>
    </groups>
    <test started-at="2024-08-14T15:53:39 PDT" name="Default test" finished-at="2024-08-14T15:54:46 PDT" duration-ms="67348">
      <class name="com.demoblazestore.test.ProductStore_TestPage">
        <test-method is-config="true" signature="setUpReport()[pri:0, instance:com.demoblazestore.test.ProductStore_TestPage@4b013c76]" started-at="2024-08-14T15:53:37 PDT" name="setUpReport" finished-at="2024-08-14T15:53:39 PDT" duration-ms="1736" status="PASS">
          <reporter-output>
          </reporter-output>
        </test-method> <!-- setUpReport -->
        <test-method is-config="true" signature="setUp()[pri:0, instance:com.demoblazestore.test.ProductStore_TestPage@4b013c76]" started-at="2024-08-14T15:53:39 PDT" name="setUp" finished-at="2024-08-14T15:53:53 PDT" duration-ms="14552" status="PASS">
          <reporter-output>
          </reporter-output>
        </test-method> <!-- setUp -->
        <test-method signature="accessthelogin_link()[pri:1, instance:com.demoblazestore.test.ProductStore_TestPage@4b013c76]" started-at="2024-08-14T15:53:53 PDT" name="accessthelogin_link" finished-at="2024-08-14T15:54:00 PDT" duration-ms="6833" status="PASS">
          <reporter-output>
          </reporter-output>
        </test-method> <!-- accessthelogin_link -->
        <test-method is-config="true" signature="tearDown(org.testng.ITestResult)[pri:0, instance:com.demoblazestore.test.ProductStore_TestPage@4b013c76]" started-at="2024-08-14T15:54:00 PDT" name="tearDown" finished-at="2024-08-14T15:54:02 PDT" duration-ms="2266" status="PASS">
          <params>
            <param index="0">
              <value>
                <![CDATA[[TestResult name=accessthelogin_link status=SUCCESS method=ProductStore_TestPage.accessthelogin_link()[pri:1, instance:com.demoblazestore.test.ProductStore_TestPage@4b013c76] output={null}]]]>
              </value>
            </param>
          </params>
          <reporter-output>
          </reporter-output>
        </test-method> <!-- tearDown -->
        <test-method is-config="true" signature="setUp()[pri:0, instance:com.demoblazestore.test.ProductStore_TestPage@4b013c76]" started-at="2024-08-14T15:54:02 PDT" name="setUp" finished-at="2024-08-14T15:54:10 PDT" duration-ms="7902" status="PASS">
          <reporter-output>
          </reporter-output>
        </test-method> <!-- setUp -->
        <test-method signature="testClick_product_storelink()[pri:2, instance:com.demoblazestore.test.ProductStore_TestPage@4b013c76]" started-at="2024-08-14T15:54:10 PDT" name="testClick_product_storelink" finished-at="2024-08-14T15:54:17 PDT" duration-ms="6257" status="PASS">
          <reporter-output>
          </reporter-output>
        </test-method> <!-- testClick_product_storelink -->
        <test-method is-config="true" signature="tearDown(org.testng.ITestResult)[pri:0, instance:com.demoblazestore.test.ProductStore_TestPage@4b013c76]" started-at="2024-08-14T15:54:17 PDT" name="tearDown" finished-at="2024-08-14T15:54:19 PDT" duration-ms="2061" status="PASS">
          <params>
            <param index="0">
              <value>
                <![CDATA[[TestResult name=testClick_product_storelink status=SUCCESS method=ProductStore_TestPage.testClick_product_storelink()[pri:2, instance:com.demoblazestore.test.ProductStore_TestPage@4b013c76] output={null}]]]>
              </value>
            </param>
          </params>
          <reporter-output>
          </reporter-output>
        </test-method> <!-- tearDown -->
        <test-method is-config="true" signature="setUp()[pri:0, instance:com.demoblazestore.test.ProductStore_TestPage@4b013c76]" started-at="2024-08-14T15:54:19 PDT" name="setUp" finished-at="2024-08-14T15:54:25 PDT" duration-ms="6668" status="PASS">
          <reporter-output>
          </reporter-output>
        </test-method> <!-- setUp -->
        <test-method signature="testSamsung_6_productpage_Addtocart()[pri:3, instance:com.demoblazestore.test.ProductStore_TestPage@4b013c76]" started-at="2024-08-14T15:54:25 PDT" name="testSamsung_6_productpage_Addtocart" finished-at="2024-08-14T15:54:44 PDT" duration-ms="18489" status="PASS">
          <reporter-output>
          </reporter-output>
        </test-method> <!-- testSamsung_6_productpage_Addtocart -->
        <test-method is-config="true" signature="tearDown(org.testng.ITestResult)[pri:0, instance:com.demoblazestore.test.ProductStore_TestPage@4b013c76]" started-at="2024-08-14T15:54:44 PDT" name="tearDown" finished-at="2024-08-14T15:54:46 PDT" duration-ms="2077" status="PASS">
          <params>
            <param index="0">
              <value>
                <![CDATA[[TestResult name=testSamsung_6_productpage_Addtocart status=SUCCESS method=ProductStore_TestPage.testSamsung_6_productpage_Addtocart()[pri:3, instance:com.demoblazestore.test.ProductStore_TestPage@4b013c76] output={null}]]]>
              </value>
            </param>
          </params>
          <reporter-output>
          </reporter-output>
        </test-method> <!-- tearDown -->
      </class> <!-- com.demoblazestore.test.ProductStore_TestPage -->
    </test> <!-- Default test -->
  </suite> <!-- Default suite -->
</testng-results>
